<?xml version="1.0" encoding="UTF-8"?>
<coverage generated="1761444738926" clover="3.2.0">
  <project timestamp="1761444738926" name="All files">
    <metrics statements="75" coveredstatements="57" conditionals="57" coveredconditionals="31" methods="10" coveredmethods="6" elements="142" coveredelements="94" complexity="0" loc="75" ncloc="75" packages="1" files="1" classes="1"/>
    <file name="app.js" path="C:\Users\Hades\Desktop\Actividad Número 4\js\app.js">
      <metrics statements="75" coveredstatements="57" conditionals="57" coveredconditionals="31" methods="10" coveredmethods="6"/>
      <line num="5" count="3" type="stmt"/>
      <line num="8" count="3" type="stmt"/>
      <line num="13" count="3" type="stmt"/>
      <line num="14" count="3" type="stmt"/>
      <line num="15" count="3" type="stmt"/>
      <line num="16" count="3" type="stmt"/>
      <line num="17" count="3" type="stmt"/>
      <line num="18" count="3" type="stmt"/>
      <line num="19" count="3" type="stmt"/>
      <line num="20" count="3" type="stmt"/>
      <line num="21" count="3" type="stmt"/>
      <line num="23" count="3" type="cond" truecount="1" falsecount="1"/>
      <line num="26" count="3" type="cond" truecount="1" falsecount="1"/>
      <line num="27" count="0" type="stmt"/>
      <line num="31" count="3" type="stmt"/>
      <line num="32" count="3" type="stmt"/>
      <line num="33" count="0" type="stmt"/>
      <line num="34" count="0" type="stmt"/>
      <line num="35" count="0" type="stmt"/>
      <line num="38" count="3" type="stmt"/>
      <line num="40" count="3" type="stmt"/>
      <line num="41" count="3" type="cond" truecount="1" falsecount="1"/>
      <line num="42" count="3" type="stmt"/>
      <line num="43" count="0" type="stmt"/>
      <line num="44" count="0" type="cond" truecount="0" falsecount="2"/>
      <line num="45" count="0" type="stmt"/>
      <line num="46" count="0" type="stmt"/>
      <line num="47" count="0" type="stmt"/>
      <line num="48" count="0" type="stmt"/>
      <line num="54" count="3" type="cond" truecount="2" falsecount="2"/>
      <line num="55" count="0" type="stmt"/>
      <line num="59" count="3" type="stmt"/>
      <line num="60" count="0" type="stmt"/>
      <line num="61" count="0" type="cond" truecount="0" falsecount="4"/>
      <line num="62" count="0" type="stmt"/>
      <line num="69" count="2" type="stmt"/>
      <line num="71" count="2" type="cond" truecount="1" falsecount="1"/>
      <line num="72" count="0" type="stmt"/>
      <line num="73" count="0" type="stmt"/>
      <line num="75" count="2" type="stmt"/>
      <line num="78" count="2" type="cond" truecount="1" falsecount="1"/>
      <line num="79" count="0" type="stmt"/>
      <line num="80" count="0" type="stmt"/>
      <line num="82" count="2" type="stmt"/>
      <line num="86" count="2" type="stmt"/>
      <line num="87" count="2" type="cond" truecount="2" falsecount="0"/>
      <line num="88" count="1" type="stmt"/>
      <line num="90" count="1" type="stmt"/>
      <line num="96" count="3" type="cond" truecount="4" falsecount="0"/>
      <line num="97" count="2" type="stmt"/>
      <line num="98" count="2" type="stmt"/>
      <line num="99" count="2" type="stmt"/>
      <line num="100" count="2" type="stmt"/>
      <line num="102" count="1" type="stmt"/>
      <line num="107" count="1" type="stmt"/>
      <line num="108" count="1" type="cond" truecount="1" falsecount="1"/>
      <line num="109" count="1" type="cond" truecount="1" falsecount="1"/>
      <line num="110" count="1" type="cond" truecount="1" falsecount="1"/>
      <line num="111" count="1" type="cond" truecount="1" falsecount="1"/>
      <line num="112" count="1" type="cond" truecount="1" falsecount="1"/>
      <line num="113" count="1" type="cond" truecount="1" falsecount="1"/>
      <line num="118" count="1" type="stmt"/>
      <line num="119" count="1" type="stmt"/>
      <line num="121" count="1" type="stmt"/>
      <line num="122" count="1" type="cond" truecount="1" falsecount="1"/>
      <line num="123" count="1" type="cond" truecount="1" falsecount="1"/>
      <line num="124" count="1" type="cond" truecount="1" falsecount="1"/>
      <line num="125" count="1" type="cond" truecount="1" falsecount="1"/>
      <line num="126" count="1" type="stmt"/>
      <line num="131" count="3" type="cond" truecount="1" falsecount="1"/>
      <line num="132" count="3" type="stmt"/>
      <line num="136" count="3" type="cond" truecount="3" falsecount="1"/>
      <line num="137" count="3" type="stmt"/>
      <line num="141" count="3" type="cond" truecount="3" falsecount="1"/>
      <line num="142" count="3" type="stmt"/>
    </file>
  </project>
</coverage>
