{"C:\\Users\\Hades\\Desktop\\Actividad Número 4\\js\\app.js": {"path":"C:\\Users\\Hades\\Desktop\\Actividad Número 4\\js\\app.js","statementMap":{"0":{"start":{"line":5,"column":18},"end":{"line":5,"column":78}},"1":{"start":{"line":8,"column":15},"end":{"line":8,"column":17}},"2":{"start":{"line":13,"column":2},"end":{"line":13,"column":61}},"3":{"start":{"line":14,"column":2},"end":{"line":14,"column":63}},"4":{"start":{"line":15,"column":2},"end":{"line":15,"column":63}},"5":{"start":{"line":16,"column":2},"end":{"line":16,"column":59}},"6":{"start":{"line":17,"column":2},"end":{"line":17,"column":60}},"7":{"start":{"line":18,"column":2},"end":{"line":18,"column":76}},"8":{"start":{"line":19,"column":2},"end":{"line":19,"column":59}},"9":{"start":{"line":20,"column":2},"end":{"line":20,"column":61}},"10":{"start":{"line":21,"column":2},"end":{"line":21,"column":67}},"11":{"start":{"line":23,"column":2},"end":{"line":23,"column":34}},"12":{"start":{"line":23,"column":27},"end":{"line":23,"column":34}},"13":{"start":{"line":26,"column":2},"end":{"line":28,"column":3}},"14":{"start":{"line":27,"column":4},"end":{"line":27,"column":20}},"15":{"start":{"line":31,"column":2},"end":{"line":31,"column":63}},"16":{"start":{"line":32,"column":2},"end":{"line":36,"column":5}},"17":{"start":{"line":33,"column":4},"end":{"line":33,"column":31}},"18":{"start":{"line":34,"column":4},"end":{"line":34,"column":58}},"19":{"start":{"line":35,"column":4},"end":{"line":35,"column":58}},"20":{"start":{"line":38,"column":2},"end":{"line":38,"column":55}},"21":{"start":{"line":40,"column":22},"end":{"line":40,"column":61}},"22":{"start":{"line":41,"column":2},"end":{"line":51,"column":3}},"23":{"start":{"line":42,"column":4},"end":{"line":50,"column":7}},"24":{"start":{"line":43,"column":18},"end":{"line":43,"column":49}},"25":{"start":{"line":44,"column":6},"end":{"line":44,"column":23}},"26":{"start":{"line":44,"column":16},"end":{"line":44,"column":23}},"27":{"start":{"line":45,"column":21},"end":{"line":45,"column":39}},"28":{"start":{"line":46,"column":6},"end":{"line":46,"column":64}},"29":{"start":{"line":47,"column":6},"end":{"line":49,"column":14}},"30":{"start":{"line":48,"column":8},"end":{"line":48,"column":81}},"31":{"start":{"line":54,"column":2},"end":{"line":56,"column":3}},"32":{"start":{"line":55,"column":4},"end":{"line":55,"column":29}},"33":{"start":{"line":59,"column":2},"end":{"line":64,"column":5}},"34":{"start":{"line":60,"column":14},"end":{"line":60,"column":44}},"35":{"start":{"line":61,"column":4},"end":{"line":63,"column":5}},"36":{"start":{"line":62,"column":6},"end":{"line":62,"column":22}},"37":{"start":{"line":69,"column":2},"end":{"line":69,"column":21}},"38":{"start":{"line":71,"column":2},"end":{"line":76,"column":3}},"39":{"start":{"line":72,"column":4},"end":{"line":72,"column":55}},"40":{"start":{"line":73,"column":4},"end":{"line":73,"column":11}},"41":{"start":{"line":75,"column":4},"end":{"line":75,"column":58}},"42":{"start":{"line":78,"column":2},"end":{"line":83,"column":3}},"43":{"start":{"line":79,"column":4},"end":{"line":79,"column":55}},"44":{"start":{"line":80,"column":4},"end":{"line":80,"column":11}},"45":{"start":{"line":82,"column":4},"end":{"line":82,"column":58}},"46":{"start":{"line":86,"column":13},"end":{"line":86,"column":86}},"47":{"start":{"line":87,"column":2},"end":{"line":91,"column":3}},"48":{"start":{"line":88,"column":4},"end":{"line":88,"column":20}},"49":{"start":{"line":90,"column":4},"end":{"line":90,"column":124}},"50":{"start":{"line":96,"column":2},"end":{"line":101,"column":3}},"51":{"start":{"line":97,"column":18},"end":{"line":97,"column":44}},"52":{"start":{"line":98,"column":4},"end":{"line":98,"column":48}},"53":{"start":{"line":99,"column":4},"end":{"line":99,"column":112}},"54":{"start":{"line":100,"column":4},"end":{"line":100,"column":16}},"55":{"start":{"line":102,"column":2},"end":{"line":102,"column":15}},"56":{"start":{"line":107,"column":23},"end":{"line":107,"column":55}},"57":{"start":{"line":108,"column":2},"end":{"line":108,"column":57}},"58":{"start":{"line":108,"column":20},"end":{"line":108,"column":57}},"59":{"start":{"line":109,"column":2},"end":{"line":109,"column":72}},"60":{"start":{"line":109,"column":26},"end":{"line":109,"column":72}},"61":{"start":{"line":110,"column":2},"end":{"line":110,"column":86}},"62":{"start":{"line":110,"column":33},"end":{"line":110,"column":86}},"63":{"start":{"line":111,"column":2},"end":{"line":111,"column":67}},"64":{"start":{"line":111,"column":25},"end":{"line":111,"column":67}},"65":{"start":{"line":112,"column":15},"end":{"line":112,"column":70}},"66":{"start":{"line":113,"column":2},"end":{"line":113,"column":95}},"67":{"start":{"line":118,"column":2},"end":{"line":118,"column":42}},"68":{"start":{"line":119,"column":2},"end":{"line":119,"column":41}},"69":{"start":{"line":121,"column":23},"end":{"line":121,"column":55}},"70":{"start":{"line":122,"column":2},"end":{"line":122,"column":69}},"71":{"start":{"line":122,"column":26},"end":{"line":122,"column":69}},"72":{"start":{"line":123,"column":2},"end":{"line":123,"column":60}},"73":{"start":{"line":123,"column":20},"end":{"line":123,"column":60}},"74":{"start":{"line":124,"column":2},"end":{"line":124,"column":83}},"75":{"start":{"line":124,"column":33},"end":{"line":124,"column":83}},"76":{"start":{"line":125,"column":2},"end":{"line":125,"column":70}},"77":{"start":{"line":125,"column":25},"end":{"line":125,"column":70}},"78":{"start":{"line":126,"column":2},"end":{"line":126,"column":32}},"79":{"start":{"line":131,"column":2},"end":{"line":131,"column":37}},"80":{"start":{"line":131,"column":30},"end":{"line":131,"column":37}},"81":{"start":{"line":132,"column":2},"end":{"line":132,"column":102}},"82":{"start":{"line":136,"column":0},"end":{"line":138,"column":1}},"83":{"start":{"line":137,"column":2},"end":{"line":137,"column":57}},"84":{"start":{"line":141,"column":0},"end":{"line":143,"column":1}},"85":{"start":{"line":142,"column":2},"end":{"line":142,"column":92}}},"fnMap":{"0":{"name":"initApp","decl":{"start":{"line":11,"column":9},"end":{"line":11,"column":16}},"loc":{"start":{"line":11,"column":19},"end":{"line":65,"column":1}},"line":11},"1":{"name":"(anonymous_1)","decl":{"start":{"line":32,"column":46},"end":{"line":32,"column":47}},"loc":{"start":{"line":32,"column":52},"end":{"line":36,"column":3}},"line":32},"2":{"name":"(anonymous_2)","decl":{"start":{"line":42,"column":42},"end":{"line":42,"column":43}},"loc":{"start":{"line":42,"column":49},"end":{"line":50,"column":5}},"line":42},"3":{"name":"(anonymous_3)","decl":{"start":{"line":47,"column":17},"end":{"line":47,"column":18}},"loc":{"start":{"line":47,"column":23},"end":{"line":49,"column":7}},"line":47},"4":{"name":"(anonymous_4)","decl":{"start":{"line":59,"column":40},"end":{"line":59,"column":41}},"loc":{"start":{"line":59,"column":46},"end":{"line":64,"column":3}},"line":59},"5":{"name":"onLoginSubmit","decl":{"start":{"line":68,"column":9},"end":{"line":68,"column":22}},"loc":{"start":{"line":68,"column":26},"end":{"line":92,"column":1}},"line":68},"6":{"name":"simulateLogin","decl":{"start":{"line":95,"column":9},"end":{"line":95,"column":22}},"loc":{"start":{"line":95,"column":43},"end":{"line":103,"column":1}},"line":95},"7":{"name":"showDashboard","decl":{"start":{"line":106,"column":9},"end":{"line":106,"column":22}},"loc":{"start":{"line":106,"column":25},"end":{"line":114,"column":1}},"line":106},"8":{"name":"logout","decl":{"start":{"line":117,"column":9},"end":{"line":117,"column":15}},"loc":{"start":{"line":117,"column":18},"end":{"line":127,"column":1}},"line":117},"9":{"name":"showResult","decl":{"start":{"line":130,"column":9},"end":{"line":130,"column":19}},"loc":{"start":{"line":130,"column":49},"end":{"line":133,"column":1}},"line":130}},"branchMap":{"0":{"loc":{"start":{"line":23,"column":2},"end":{"line":23,"column":34}},"type":"if","locations":[{"start":{"line":23,"column":2},"end":{"line":23,"column":34}},{"start":{},"end":{}}],"line":23},"1":{"loc":{"start":{"line":26,"column":2},"end":{"line":28,"column":3}},"type":"if","locations":[{"start":{"line":26,"column":2},"end":{"line":28,"column":3}},{"start":{},"end":{}}],"line":26},"2":{"loc":{"start":{"line":41,"column":2},"end":{"line":51,"column":3}},"type":"if","locations":[{"start":{"line":41,"column":2},"end":{"line":51,"column":3}},{"start":{},"end":{}}],"line":41},"3":{"loc":{"start":{"line":44,"column":6},"end":{"line":44,"column":23}},"type":"if","locations":[{"start":{"line":44,"column":6},"end":{"line":44,"column":23}},{"start":{},"end":{}}],"line":44},"4":{"loc":{"start":{"line":54,"column":2},"end":{"line":56,"column":3}},"type":"if","locations":[{"start":{"line":54,"column":2},"end":{"line":56,"column":3}},{"start":{},"end":{}}],"line":54},"5":{"loc":{"start":{"line":54,"column":6},"end":{"line":54,"column":77}},"type":"binary-expr","locations":[{"start":{"line":54,"column":6},"end":{"line":54,"column":36}},{"start":{"line":54,"column":40},"end":{"line":54,"column":77}}],"line":54},"6":{"loc":{"start":{"line":61,"column":4},"end":{"line":63,"column":5}},"type":"if","locations":[{"start":{"line":61,"column":4},"end":{"line":63,"column":5}},{"start":{},"end":{}}],"line":61},"7":{"loc":{"start":{"line":61,"column":8},"end":{"line":61,"column":65}},"type":"binary-expr","locations":[{"start":{"line":61,"column":8},"end":{"line":61,"column":25}},{"start":{"line":61,"column":29},"end":{"line":61,"column":65}}],"line":61},"8":{"loc":{"start":{"line":71,"column":2},"end":{"line":76,"column":3}},"type":"if","locations":[{"start":{"line":71,"column":2},"end":{"line":76,"column":3}},{"start":{"line":74,"column":9},"end":{"line":76,"column":3}}],"line":71},"9":{"loc":{"start":{"line":78,"column":2},"end":{"line":83,"column":3}},"type":"if","locations":[{"start":{"line":78,"column":2},"end":{"line":83,"column":3}},{"start":{"line":81,"column":9},"end":{"line":83,"column":3}}],"line":78},"10":{"loc":{"start":{"line":87,"column":2},"end":{"line":91,"column":3}},"type":"if","locations":[{"start":{"line":87,"column":2},"end":{"line":91,"column":3}},{"start":{"line":89,"column":9},"end":{"line":91,"column":3}}],"line":87},"11":{"loc":{"start":{"line":96,"column":2},"end":{"line":101,"column":3}},"type":"if","locations":[{"start":{"line":96,"column":2},"end":{"line":101,"column":3}},{"start":{},"end":{}}],"line":96},"12":{"loc":{"start":{"line":96,"column":6},"end":{"line":96,"column":72}},"type":"binary-expr","locations":[{"start":{"line":96,"column":6},"end":{"line":96,"column":37}},{"start":{"line":96,"column":41},"end":{"line":96,"column":72}}],"line":96},"13":{"loc":{"start":{"line":108,"column":2},"end":{"line":108,"column":57}},"type":"if","locations":[{"start":{"line":108,"column":2},"end":{"line":108,"column":57}},{"start":{},"end":{}}],"line":108},"14":{"loc":{"start":{"line":109,"column":2},"end":{"line":109,"column":72}},"type":"if","locations":[{"start":{"line":109,"column":2},"end":{"line":109,"column":72}},{"start":{},"end":{}}],"line":109},"15":{"loc":{"start":{"line":110,"column":2},"end":{"line":110,"column":86}},"type":"if","locations":[{"start":{"line":110,"column":2},"end":{"line":110,"column":86}},{"start":{},"end":{}}],"line":110},"16":{"loc":{"start":{"line":111,"column":2},"end":{"line":111,"column":67}},"type":"if","locations":[{"start":{"line":111,"column":2},"end":{"line":111,"column":67}},{"start":{},"end":{}}],"line":111},"17":{"loc":{"start":{"line":112,"column":26},"end":{"line":112,"column":69}},"type":"binary-expr","locations":[{"start":{"line":112,"column":26},"end":{"line":112,"column":61}},{"start":{"line":112,"column":65},"end":{"line":112,"column":69}}],"line":112},"18":{"loc":{"start":{"line":113,"column":30},"end":{"line":113,"column":45}},"type":"binary-expr","locations":[{"start":{"line":113,"column":30},"end":{"line":113,"column":39}},{"start":{"line":113,"column":43},"end":{"line":113,"column":45}}],"line":113},"19":{"loc":{"start":{"line":122,"column":2},"end":{"line":122,"column":69}},"type":"if","locations":[{"start":{"line":122,"column":2},"end":{"line":122,"column":69}},{"start":{},"end":{}}],"line":122},"20":{"loc":{"start":{"line":123,"column":2},"end":{"line":123,"column":60}},"type":"if","locations":[{"start":{"line":123,"column":2},"end":{"line":123,"column":60}},{"start":{},"end":{}}],"line":123},"21":{"loc":{"start":{"line":124,"column":2},"end":{"line":124,"column":83}},"type":"if","locations":[{"start":{"line":124,"column":2},"end":{"line":124,"column":83}},{"start":{},"end":{}}],"line":124},"22":{"loc":{"start":{"line":125,"column":2},"end":{"line":125,"column":70}},"type":"if","locations":[{"start":{"line":125,"column":2},"end":{"line":125,"column":70}},{"start":{},"end":{}}],"line":125},"23":{"loc":{"start":{"line":130,"column":29},"end":{"line":130,"column":47}},"type":"default-arg","locations":[{"start":{"line":130,"column":36},"end":{"line":130,"column":47}}],"line":130},"24":{"loc":{"start":{"line":131,"column":2},"end":{"line":131,"column":37}},"type":"if","locations":[{"start":{"line":131,"column":2},"end":{"line":131,"column":37}},{"start":{},"end":{}}],"line":131},"25":{"loc":{"start":{"line":136,"column":0},"end":{"line":138,"column":1}},"type":"if","locations":[{"start":{"line":136,"column":0},"end":{"line":138,"column":1}},{"start":{},"end":{}}],"line":136},"26":{"loc":{"start":{"line":136,"column":4},"end":{"line":136,"column":68}},"type":"binary-expr","locations":[{"start":{"line":136,"column":4},"end":{"line":136,"column":33}},{"start":{"line":136,"column":37},"end":{"line":136,"column":68}}],"line":136},"27":{"loc":{"start":{"line":141,"column":0},"end":{"line":143,"column":1}},"type":"if","locations":[{"start":{"line":141,"column":0},"end":{"line":143,"column":1}},{"start":{},"end":{}}],"line":141},"28":{"loc":{"start":{"line":141,"column":4},"end":{"line":141,"column":51}},"type":"binary-expr","locations":[{"start":{"line":141,"column":4},"end":{"line":141,"column":33}},{"start":{"line":141,"column":37},"end":{"line":141,"column":51}}],"line":141}},"s":{"0":3,"1":3,"2":3,"3":3,"4":3,"5":3,"6":3,"7":3,"8":3,"9":3,"10":3,"11":3,"12":0,"13":3,"14":0,"15":3,"16":3,"17":0,"18":0,"19":0,"20":3,"21":3,"22":3,"23":3,"24":0,"25":0,"26":0,"27":0,"28":0,"29":0,"30":0,"31":3,"32":0,"33":3,"34":0,"35":0,"36":0,"37":2,"38":2,"39":0,"40":0,"41":2,"42":2,"43":0,"44":0,"45":2,"46":2,"47":2,"48":1,"49":1,"50":3,"51":2,"52":2,"53":2,"54":2,"55":1,"56":1,"57":1,"58":1,"59":1,"60":1,"61":1,"62":1,"63":1,"64":1,"65":1,"66":1,"67":1,"68":1,"69":1,"70":1,"71":1,"72":1,"73":1,"74":1,"75":1,"76":1,"77":1,"78":1,"79":3,"80":0,"81":3,"82":3,"83":3,"84":3,"85":3},"f":{"0":3,"1":0,"2":0,"3":0,"4":0,"5":2,"6":3,"7":1,"8":1,"9":3},"b":{"0":[0,3],"1":[0,3],"2":[3,0],"3":[0,0],"4":[0,3],"5":[3,0],"6":[0,0],"7":[0,0],"8":[0,2],"9":[0,2],"10":[1,1],"11":[2,1],"12":[3,2],"13":[1,0],"14":[1,0],"15":[1,0],"16":[1,0],"17":[1,0],"18":[1,0],"19":[1,0],"20":[1,0],"21":[1,0],"22":[1,0],"23":[1],"24":[0,3],"25":[3,0],"26":[3,3],"27":[3,0],"28":[3,3]},"_coverageSchema":"1a1c01bbd47fc00a2c39e90264f33305004495a9","hash":"9ab7bec6f2e07124e268d5793f75d2a3c1d14853"}
}
