TN:
SF:js\app.js
FN:11,initApp
FN:32,(anonymous_1)
FN:42,(anonymous_2)
FN:47,(anonymous_3)
FN:59,(anonymous_4)
FN:68,onLoginSubmit
FN:95,simulateLogin
FN:106,showDashboard
FN:117,logout
FN:130,showResult
FNF:10
FNH:6
FNDA:3,initApp
FNDA:0,(anonymous_1)
FNDA:0,(anonymous_2)
FNDA:0,(anonymous_3)
FNDA:0,(anonymous_4)
FNDA:2,onLoginSubmit
FNDA:3,simulateLogin
FNDA:1,showDashboard
FNDA:1,logout
FNDA:3,showResult
DA:5,3
DA:8,3
DA:13,3
DA:14,3
DA:15,3
DA:16,3
DA:17,3
DA:18,3
DA:19,3
DA:20,3
DA:21,3
DA:23,3
DA:26,3
DA:27,0
DA:31,3
DA:32,3
DA:33,0
DA:34,0
DA:35,0
DA:38,3
DA:40,3
DA:41,3
DA:42,3
DA:43,0
DA:44,0
DA:45,0
DA:46,0
DA:47,0
DA:48,0
DA:54,3
DA:55,0
DA:59,3
DA:60,0
DA:61,0
DA:62,0
DA:69,2
DA:71,2
DA:72,0
DA:73,0
DA:75,2
DA:78,2
DA:79,0
DA:80,0
DA:82,2
DA:86,2
DA:87,2
DA:88,1
DA:90,1
DA:96,3
DA:97,2
DA:98,2
DA:99,2
DA:100,2
DA:102,1
DA:107,1
DA:108,1
DA:109,1
DA:110,1
DA:111,1
DA:112,1
DA:113,1
DA:118,1
DA:119,1
DA:121,1
DA:122,1
DA:123,1
DA:124,1
DA:125,1
DA:126,1
DA:131,3
DA:132,3
DA:136,3
DA:137,3
DA:141,3
DA:142,3
LF:75
LH:57
BRDA:23,0,0,0
BRDA:23,0,1,3
BRDA:26,1,0,0
BRDA:26,1,1,3
BRDA:41,2,0,3
BRDA:41,2,1,0
BRDA:44,3,0,0
BRDA:44,3,1,0
BRDA:54,4,0,0
BRDA:54,4,1,3
BRDA:54,5,0,3
BRDA:54,5,1,0
BRDA:61,6,0,0
BRDA:61,6,1,0
BRDA:61,7,0,0
BRDA:61,7,1,0
BRDA:71,8,0,0
BRDA:71,8,1,2
BRDA:78,9,0,0
BRDA:78,9,1,2
BRDA:87,10,0,1
BRDA:87,10,1,1
BRDA:96,11,0,2
BRDA:96,11,1,1
BRDA:96,12,0,3
BRDA:96,12,1,2
BRDA:108,13,0,1
BRDA:108,13,1,0
BRDA:109,14,0,1
BRDA:109,14,1,0
BRDA:110,15,0,1
BRDA:110,15,1,0
BRDA:111,16,0,1
BRDA:111,16,1,0
BRDA:112,17,0,1
BRDA:112,17,1,0
BRDA:113,18,0,1
BRDA:113,18,1,0
BRDA:122,19,0,1
BRDA:122,19,1,0
BRDA:123,20,0,1
BRDA:123,20,1,0
BRDA:124,21,0,1
BRDA:124,21,1,0
BRDA:125,22,0,1
BRDA:125,22,1,0
BRDA:130,23,0,1
BRDA:131,24,0,0
BRDA:131,24,1,3
BRDA:136,25,0,3
BRDA:136,25,1,0
BRDA:136,26,0,3
BRDA:136,26,1,3
BRDA:141,27,0,3
BRDA:141,27,1,0
BRDA:141,28,0,3
BRDA:141,28,1,3
BRF:57
BRH:31
end_of_record
